{"contracts\\Raffle.sol":{"l":{"64":3,"65":3,"66":3,"67":3,"68":3,"69":3,"70":3,"71":3,"75":5,"77":4,"79":3,"81":3,"103":1,"104":1,"105":1,"106":1,"107":1,"113":1,"114":1,"115":0,"122":1,"123":1,"130":1,"137":0,"138":0,"139":0,"140":0,"141":0,"142":0,"143":0,"144":0,"145":0,"147":0,"152":6,"156":1,"160":0,"164":1,"168":0,"172":7},"path":"C:\\Users\\Sosiaalinen\\hardhat-raffle\\contracts\\Raffle.sol","s":{"1":3,"2":3,"3":3,"4":3,"5":3,"6":3,"7":3,"8":3,"9":5,"10":4,"11":3,"12":3,"13":1,"14":1,"15":1,"16":1,"17":1,"18":1,"19":1,"20":1,"21":1,"22":1,"23":0,"24":0,"25":0,"26":0,"27":0,"28":0,"29":0,"30":0,"31":0,"32":6,"33":1,"34":0,"35":1,"36":0,"37":7},"b":{"1":[1,4],"2":[1,3],"3":[0,1],"4":[0,0]},"f":{"1":3,"2":5,"3":1,"4":1,"5":0,"6":6,"7":1,"8":0,"9":1,"10":0,"11":7},"fnMap":{"1":{"name":"constructor","line":63,"loc":{"start":{"line":56,"column":4},"end":{"line":72,"column":4}}},"2":{"name":"enterRaffle","line":74,"loc":{"start":{"line":74,"column":4},"end":{"line":82,"column":4}}},"3":{"name":"checkUpkeep","line":93,"loc":{"start":{"line":93,"column":4},"end":{"line":108,"column":4}}},"4":{"name":"performUpkeep","line":110,"loc":{"start":{"line":110,"column":4},"end":{"line":131,"column":4}}},"5":{"name":"fulfillRandomWords","line":133,"loc":{"start":{"line":133,"column":4},"end":{"line":148,"column":4}}},"6":{"name":"getEntranceFee","line":151,"loc":{"start":{"line":151,"column":4},"end":{"line":153,"column":4}}},"7":{"name":"getPlayer","line":155,"loc":{"start":{"line":155,"column":4},"end":{"line":157,"column":4}}},"8":{"name":"getRecentWinner","line":159,"loc":{"start":{"line":159,"column":4},"end":{"line":161,"column":4}}},"9":{"name":"getRaffleState","line":163,"loc":{"start":{"line":163,"column":4},"end":{"line":165,"column":4}}},"10":{"name":"getNumWords","line":167,"loc":{"start":{"line":167,"column":4},"end":{"line":169,"column":4}}},"11":{"name":"getInterval","line":171,"loc":{"start":{"line":171,"column":4},"end":{"line":173,"column":4}}}},"statementMap":{"1":{"start":{"line":64,"column":8},"end":{"line":64,"column":69}},"2":{"start":{"line":65,"column":8},"end":{"line":65,"column":26}},"3":{"start":{"line":66,"column":8},"end":{"line":66,"column":28}},"4":{"start":{"line":67,"column":8},"end":{"line":67,"column":40}},"5":{"start":{"line":68,"column":8},"end":{"line":68,"column":34}},"6":{"start":{"line":69,"column":8},"end":{"line":69,"column":39}},"7":{"start":{"line":70,"column":8},"end":{"line":70,"column":40}},"8":{"start":{"line":71,"column":8},"end":{"line":71,"column":44}},"9":{"start":{"line":75,"column":8},"end":{"line":75,"column":68}},"10":{"start":{"line":77,"column":8},"end":{"line":77,"column":71}},"11":{"start":{"line":79,"column":8},"end":{"line":79,"column":42}},"12":{"start":{"line":81,"column":8},"end":{"line":81,"column":36}},"13":{"start":{"line":103,"column":8},"end":{"line":103,"column":57}},"14":{"start":{"line":104,"column":8},"end":{"line":104,"column":76}},"15":{"start":{"line":105,"column":8},"end":{"line":105,"column":48}},"16":{"start":{"line":106,"column":8},"end":{"line":106,"column":51}},"17":{"start":{"line":107,"column":8},"end":{"line":107,"column":72}},"18":{"start":{"line":113,"column":8},"end":{"line":113,"column":47}},"19":{"start":{"line":114,"column":8},"end":{"line":114,"column":4030}},"20":{"start":{"line":122,"column":8},"end":{"line":122,"column":46}},"21":{"start":{"line":123,"column":8},"end":{"line":123,"column":4300}},"22":{"start":{"line":130,"column":8},"end":{"line":130,"column":45}},"23":{"start":{"line":137,"column":8},"end":{"line":137,"column":65}},"24":{"start":{"line":138,"column":8},"end":{"line":138,"column":63}},"25":{"start":{"line":139,"column":8},"end":{"line":139,"column":36}},"26":{"start":{"line":140,"column":8},"end":{"line":140,"column":39}},"27":{"start":{"line":141,"column":8},"end":{"line":141,"column":43}},"28":{"start":{"line":142,"column":8},"end":{"line":142,"column":40}},"29":{"start":{"line":143,"column":8},"end":{"line":143,"column":78}},"30":{"start":{"line":144,"column":8},"end":{"line":144,"column":5156}},"31":{"start":{"line":147,"column":8},"end":{"line":147,"column":39}},"32":{"start":{"line":152,"column":8},"end":{"line":152,"column":28}},"33":{"start":{"line":156,"column":8},"end":{"line":156,"column":31}},"34":{"start":{"line":160,"column":8},"end":{"line":160,"column":29}},"35":{"start":{"line":164,"column":8},"end":{"line":164,"column":28}},"36":{"start":{"line":168,"column":8},"end":{"line":168,"column":24}},"37":{"start":{"line":172,"column":8},"end":{"line":172,"column":25}}},"branchMap":{"1":{"line":75,"type":"if","locations":[{"start":{"line":75,"column":8},"end":{"line":75,"column":8}},{"start":{"line":75,"column":8},"end":{"line":75,"column":8}}]},"2":{"line":77,"type":"if","locations":[{"start":{"line":77,"column":8},"end":{"line":77,"column":8}},{"start":{"line":77,"column":8},"end":{"line":77,"column":8}}]},"3":{"line":114,"type":"if","locations":[{"start":{"line":114,"column":8},"end":{"line":114,"column":8}},{"start":{"line":114,"column":8},"end":{"line":114,"column":8}}]},"4":{"line":144,"type":"if","locations":[{"start":{"line":144,"column":8},"end":{"line":144,"column":8}},{"start":{"line":144,"column":8},"end":{"line":144,"column":8}}]}}},"contracts\\test\\VRFCoordinatorV2Mock.sol":{"l":{},"path":"C:\\Users\\Sosiaalinen\\hardhat-raffle\\contracts\\test\\VRFCoordinatorV2Mock.sol","s":{},"b":{},"f":{},"fnMap":{},"statementMap":{},"branchMap":{}}}