TN:
SF:C:\Users\Sosiaalinen\hardhat-raffle\contracts\Raffle.sol
FN:63,constructor
FN:74,enterRaffle
FN:93,checkUpkeep
FN:110,performUpkeep
FN:133,fulfillRandomWords
FN:151,getEntranceFee
FN:155,getPlayer
FN:159,getRecentWinner
FN:163,getRaffleState
FN:167,getNumWords
FN:171,getInterval
FNF:11
FNH:8
FNDA:3,constructor
FNDA:5,enterRaffle
FNDA:1,checkUpkeep
FNDA:1,performUpkeep
FNDA:0,fulfillRandomWords
FNDA:6,getEntranceFee
FNDA:1,getPlayer
FNDA:0,getRecentWinner
FNDA:1,getRaffleState
FNDA:0,getNumWords
FNDA:7,getInterval
DA:64,3
DA:65,3
DA:66,3
DA:67,3
DA:68,3
DA:69,3
DA:70,3
DA:71,3
DA:75,5
DA:77,4
DA:79,3
DA:81,3
DA:103,1
DA:104,1
DA:105,1
DA:106,1
DA:107,1
DA:113,1
DA:114,1
DA:115,0
DA:122,1
DA:123,1
DA:130,1
DA:137,0
DA:138,0
DA:139,0
DA:140,0
DA:141,0
DA:142,0
DA:143,0
DA:144,0
DA:145,0
DA:147,0
DA:152,6
DA:156,1
DA:160,0
DA:164,1
DA:168,0
DA:172,7
LF:39
LH:26
BRDA:75,1,0,1
BRDA:75,1,1,4
BRDA:77,2,0,1
BRDA:77,2,1,3
BRDA:114,3,0,0
BRDA:114,3,1,1
BRDA:144,4,0,0
BRDA:144,4,1,0
BRF:8
BRH:5
end_of_record
TN:
SF:C:\Users\Sosiaalinen\hardhat-raffle\contracts\test\VRFCoordinatorV2Mock.sol
FNF:0
FNH:0
LF:0
LH:0
BRF:0
BRH:0
end_of_record
